<?xml version="1.0" encoding="UTF-8" ?>
<testsuite tests="9" failures="0" name="cn.yckj.crm.MenuTest" time="6.789" errors="0" skipped="0">
  <properties>
[...]
</properties>
  <testcase classname="cn.yckj.crm.MenuTest" name="getTemplet" time="4.521"/>
  <testcase classname="cn.yckj.crm.MenuTest" name="testGetMenu" time="0.17"/>
  <testcase classname="cn.yckj.crm.MenuTest" name="sendCustom" time="0.42"/>
  <testcase classname="cn.yckj.crm.MenuTest" name="showqrcode" time="0.357"/>
  <testcase classname="cn.yckj.crm.MenuTest" name="setTemplet" time="0.103"/>
  <testcase classname="cn.yckj.crm.MenuTest" name="send" time="0.199"/>
  <testcase classname="cn.yckj.crm.MenuTest" name="testCreateMenu" time="0.196"/>
  <testcase classname="cn.yckj.crm.MenuTest" name="ticket" time="0.522"/>
  <testcase classname="cn.yckj.crm.MenuTest" name="testAccessToken" time="0.301"/>
</testsuite>